[PREINITIALIZATION][CLIENT][INFO] Current loaders after merging: [[preinit]]
[PREINITIALIZATION][CLIENT][INFO] Loading scripts for loader with names [preinit]
[PREINITIALIZATION][CLIENT][INFO] [preinit | SIDE_CLIENT]: Skipping file {[0:contenttweaker]: cot\blocks.zs} as we are currently loading with a different loader
[PREINITIALIZATION][CLIENT][INFO] [preinit | SIDE_CLIENT]: Skipping file {[0:crafttweaker]: cot\fluid.zs} as we are currently loading with a different loader
[PREINITIALIZATION][CLIENT][INFO] [preinit | SIDE_CLIENT]: Skipping file {[0:contenttweaker]: cot\items.zs} as we are currently loading with a different loader
[PREINITIALIZATION][CLIENT][INFO] [preinit | SIDE_CLIENT]: Skipping file {[0:crafttweaker]: ct\as.zs} as we are currently loading with a different loader
[PREINITIALIZATION][CLIENT][INFO] [preinit | SIDE_CLIENT]: Skipping file {[0:crafttweaker]: ct\bloodmagic.zs} as we are currently loading with a different loader
[PREINITIALIZATION][CLIENT][INFO] [preinit | SIDE_CLIENT]: Skipping file {[0:crafttweaker]: ct\botania.zs} as we are currently loading with a different loader
[PREINITIALIZATION][CLIENT][INFO] [preinit | SIDE_CLIENT]: Skipping file {[0:crafttweaker]: ct\te.zs} as we are currently loading with a different loader
[PREINITIALIZATION][CLIENT][INFO] Completed script loading in: 2ms
[PREINITIALIZATION][CLIENT][INFO] Current loaders after merging: [[preinit], [contenttweaker]]
[PREINITIALIZATION][CLIENT][INFO] Loading scripts for loader with names [contenttweaker]
[PREINITIALIZATION][CLIENT][INFO] [contenttweaker | SIDE_CLIENT]: Loading Script: {[0:contenttweaker]: cot\blocks.zs}
[PREINITIALIZATION][CLIENT][INFO] [contenttweaker | SIDE_CLIENT]: Skipping file {[0:crafttweaker]: cot\fluid.zs} as we are currently loading with a different loader
[PREINITIALIZATION][CLIENT][INFO] [contenttweaker | SIDE_CLIENT]: Loading Script: {[0:contenttweaker]: cot\items.zs}
[PREINITIALIZATION][CLIENT][INFO] [contenttweaker | SIDE_CLIENT]: Skipping file {[0:crafttweaker]: ct\as.zs} as we are currently loading with a different loader
[PREINITIALIZATION][CLIENT][INFO] [contenttweaker | SIDE_CLIENT]: Skipping file {[0:crafttweaker]: ct\bloodmagic.zs} as we are currently loading with a different loader
[PREINITIALIZATION][CLIENT][INFO] [contenttweaker | SIDE_CLIENT]: Skipping file {[0:crafttweaker]: ct\botania.zs} as we are currently loading with a different loader
[PREINITIALIZATION][CLIENT][INFO] [contenttweaker | SIDE_CLIENT]: Skipping file {[0:crafttweaker]: ct\te.zs} as we are currently loading with a different loader
[PREINITIALIZATION][CLIENT][INFO] Completed script loading in: 403ms
[INITIALIZATION][CLIENT][INFO] CraftTweaker: Building registry
[INITIALIZATION][CLIENT][INFO] CraftTweaker: Successfully built item registry
[INITIALIZATION][CLIENT][INFO] Current loaders after merging: [[preinit], [contenttweaker], [recipeevent | crafttweaker]]
[INITIALIZATION][CLIENT][INFO] Loading scripts for loader with names [crafttweaker | recipeevent]
[INITIALIZATION][CLIENT][INFO] [crafttweaker | SIDE_CLIENT]: Skipping file {[0:contenttweaker]: cot\blocks.zs} as we are currently loading with a different loader
[INITIALIZATION][CLIENT][INFO] [crafttweaker | SIDE_CLIENT]: Loading Script: {[0:crafttweaker]: cot\fluid.zs}
[INITIALIZATION][CLIENT][INFO] [crafttweaker | SIDE_CLIENT]: Skipping file {[0:contenttweaker]: cot\items.zs} as we are currently loading with a different loader
[INITIALIZATION][CLIENT][INFO] [crafttweaker | SIDE_CLIENT]: Loading Script: {[0:crafttweaker]: ct\as.zs}
[INITIALIZATION][CLIENT][INFO] [crafttweaker | SIDE_CLIENT]: Loading Script: {[0:crafttweaker]: ct\bloodmagic.zs}
[INITIALIZATION][CLIENT][INFO] [crafttweaker | SIDE_CLIENT]: Loading Script: {[0:crafttweaker]: ct\botania.zs}
[INITIALIZATION][CLIENT][INFO] [crafttweaker | SIDE_CLIENT]: Loading Script: {[0:crafttweaker]: ct\te.zs}
[INITIALIZATION][CLIENT][INFO] Completed script loading in: 430ms
[POSTINITIALIZATION][CLIENT][INFO] Adding shaped recipe for 机器框架 with name ct_shaped1047831869
[POSTINITIALIZATION][CLIENT][INFO] Adding shaped recipe for 设备框架 with name ct_shaped138424831
[AVAILABLE][CLIENT][INFO] Removing Orechid Ore: oreGold
[AVAILABLE][CLIENT][INFO] Removing Orechid Ore: oreIron
[AVAILABLE][CLIENT][INFO] Removing Orechid Ore: oreCoal
[AVAILABLE][CLIENT][INFO] Removing Orechid Ore: oreLapis
[AVAILABLE][CLIENT][INFO] Removing Orechid Ore: oreDiamond
[AVAILABLE][CLIENT][INFO] Removing Orechid Ore: oreRedstone
[AVAILABLE][CLIENT][INFO] Removing Orechid Ore: oreEmerald
[AVAILABLE][CLIENT][INFO] Removing Orechid Ore: oreCopper
[AVAILABLE][CLIENT][INFO] Removing Orechid Ore: oreLead
[AVAILABLE][CLIENT][INFO] Removing Orechid Ore: oreTin
[AVAILABLE][CLIENT][INFO] Removing Orechid Ore: oreSilver
[AVAILABLE][CLIENT][INFO] Removing Orechid Ore: oreAluminum
[AVAILABLE][CLIENT][INFO] Removing Orechid Ore: oreNickel
[AVAILABLE][CLIENT][INFO] Removing Orechid Ore: orePlatinum
[AVAILABLE][CLIENT][INFO] Removing Orechid Ore: oreMithril
[AVAILABLE][CLIENT][INFO] Removing Orechid Ore: oreRuby
[AVAILABLE][CLIENT][INFO] Removing Orechid Ore: oreCinnabar
[AVAILABLE][CLIENT][INFO] Removing Orechid Ore: oreGalena
[AVAILABLE][CLIENT][INFO] Removing Orechid Ore: oreCertusQuartz
[AVAILABLE][CLIENT][INFO] Removing Orechid Ore: oreSapphire
[AVAILABLE][CLIENT][INFO] Removing Orechid Ore: oreAmber
[AVAILABLE][CLIENT][INFO] Removing Orechid Ore: oreTungsten
[AVAILABLE][CLIENT][INFO] Adding Blood Altar recipe for: 1xtile.thermalfoundation.ore@3 from: net.minecraft.item.crafting.Ingredient@475f5603 minTier: 0, syphon: 500, consumeRate: 50, drainRate: 50
[AVAILABLE][CLIENT][INFO] Adding Orechid Ore Weight: oreIron:10
[AVAILABLE][CLIENT][INFO] Adding Orechid Ore Weight: oreGold:8
[AVAILABLE][CLIENT][INFO] Adding Orechid Ore Weight: oreCopper:8
[AVAILABLE][CLIENT][INFO] Adding Orechid Ore Weight: oreTin:8
[AVAILABLE][CLIENT][INFO] Adding Orechid Ore Weight: oreRedstone:5
[AVAILABLE][CLIENT][INFO] Adding Orechid Ore Weight: oreCrystalAir:15
[AVAILABLE][CLIENT][INFO] Adding Orechid Ore Weight: oreCrystalFire:15
[AVAILABLE][CLIENT][INFO] Adding Orechid Ore Weight: oreCrystalWater:15
[AVAILABLE][CLIENT][INFO] Adding Orechid Ore Weight: oreCrystalEarth:15
[AVAILABLE][CLIENT][INFO] Adding Orechid Ore Weight: oreCrystalOrder:15
[AVAILABLE][CLIENT][INFO] Adding Orechid Ore Weight: oreCrystalEntropy:15
[AVAILABLE][CLIENT][INFO] Adding shaped recipe for ArcaneWorkbench with name: thaumcraft:machine with output: <thermalexpansion:machine>.withTag({RSControl: 0 as byte, Facing: 3 as byte, Energy: 0, SideCache: [1, 1, 2, 2, 2, 2] as byte[] as byte[], Level: 0 as byte})
[AVAILABLE][CLIENT][INFO] Adding shaped recipe for ArcaneWorkbench with name: thaumcraft:machine_1 with output: <thermalexpansion:machine:1>.withTag({RSControl: 0 as byte, Facing: 3 as byte, Energy: 0, SideCache: [3, 1, 2, 2, 2, 2] as byte[] as byte[], Level: 0 as byte})
[SERVER_STARTED][CLIENT][INFO] Fixed the RecipeBook
