[17:57:26] [Client thread/INFO] [JMLogger] JourneyMap log initialized.
[17:57:26] [Client thread/INFO] [JourneymapClient] initialize ENTER
[17:57:26] [Client thread/WARN] [PropertiesBase] core (Initialized) Bad configField entry during updateFrom(): optionsManagerViewed=null
[17:57:26] [Client thread/WARN] [PropertiesBase] core (Initialized) Bad configField entry during updateFrom(): splashViewed=null
[17:57:26] [Client thread/INFO] [?] Version: JourneyMap 1.12.2-5.5.4, built with Forge 14.23.5.2768
Forge: 14.23.5.2836
Environment: os.name, os.arch, java.version, user.country, user.language=null, game language=zh_cn, locale=zh_cn
Features: 
	RadarPlayers : singleplayer = true , multiplayer = true
	RadarAnimals : singleplayer = true , multiplayer = true
	RadarMobs : singleplayer = true , multiplayer = true
	RadarVillagers : singleplayer = true , multiplayer = true
	MapTopo : singleplayer = true , multiplayer = true
	MapSurface : singleplayer = true , multiplayer = true
	MapCaves : singleplayer = true , multiplayer = true
MiniMapProperties{state=Valid, file=journeymap.minimap.config, configVersion=5.5.4, zoomLevel=0, showPlayers=true, frameAlpha=100, compassFontScale=1, terrainAlpha=100, showEntityNames=true, enabled=true, showPlayerHeading=true, showVillagers=true, info2Label=游戏时间, sizePercent=30, showDayNight=true, info3Label=位置, showMobs=true, showPets=true, preferredMapType=day, showCompass=true, mobDisplay=小圆点, showReticle=true, orientation=北, shape=圆形, showSelf=true, info4Label=生物群系, locationFormat=xzyv, playerDisplay=小圆点, showGrid=true, reticleOrientation=罗盘模式, showWaypoints=true, showCaves=true, showAnimals=true, showMobHeading=true, showWaypointLabels=true, locationFormatVerbose=true, position=屏幕右上, info1Label=空, fontScale=1}
MiniMapProperties{state=Valid, file=journeymap.minimap2.config, configVersion=5.5.4, zoomLevel=0, showPlayers=true, frameAlpha=100, compassFontScale=1, terrainAlpha=100, showEntityNames=true, enabled=true, showPlayerHeading=true, showVillagers=true, info2Label=游戏时间, sizePercent=30, showDayNight=true, info3Label=位置, showMobs=true, showPets=true, preferredMapType=day, showCompass=true, mobDisplay=小圆点, showReticle=true, orientation=北, shape=矩形, showSelf=true, info4Label=生物群系, locationFormat=xzyv, playerDisplay=小圆点, showGrid=true, reticleOrientation=罗盘模式, showWaypoints=true, showCaves=true, showAnimals=true, showMobHeading=true, showWaypointLabels=true, locationFormatVerbose=true, position=屏幕右上, info1Label=空, fontScale=1}
FullMapProperties{state=Valid, file=journeymap.fullmap.config, configVersion=5.5.4, mobDisplay=小圆点, zoomLevel=0, showPlayers=true, showSelf=true, locationFormat=xzyv, playerDisplay=小圆点, showGrid=true, showEntityNames=true, showPlayerHeading=true, showVillagers=true, showWaypoints=true, showCaves=true, showAnimals=true, showMobHeading=true, showKeys=true, showWaypointLabels=true, locationFormatVerbose=true, showMobs=true, showPets=true, fontScale=1, preferredMapType=day}
WaypointProperties{state=Valid, file=journeymap.waypoint.config, configVersion=5.5.4, createDeathpoints=true, showName=true, maxDistance=0, autoHideLabel=true, showStaticBeam=true, minDistance=4, boldLabel=false, textureSmall=true, showDistance=true, showRotatingBeam=true, fontScale=2, showTexture=true, managerEnabled=true, beaconEnabled=true}
WebMapProperties{state=Valid, file=journeymap.webmap.config, configVersion=5.5.4, zoomLevel=0, showWaypoints=true, showCaves=true, showSelf=true, port=8080, showGrid=true, showEntityNames=true, enabled=false, googleMapApiDomain=.com, preferredMapType=day}
CoreProperties{state=Valid, file=journeymap.core.config, configVersion=5.5.4, verboseColorPalette=false, maxPlayersData=32, mapSurfaceAboveCaves=true, optionsManagerViewed=null, announceMod=true, colorPassive=#bbbbbb, renderOverlayEventTypeName=ALL, mapBlendWater=false, renderDistanceSurfaceMax=7, radarVerticalDistance=16, mapBlendGrass=true, recordCacheStats=false, hideSneakingEntities=true, revealShape=圆形, alwaysMapSurface=false, colorVillager=#88e188, mapPlants=false, colorPet=#0077ff, radarLateralDistance=64, mapBathymetry=false, mapCrops=true, maxMobsData=32, mapPlantShadows=false, alwaysMapCaves=false, checkUpdates=true, browserPoll=2000, mapBlendFoliage=true, mappingEnabled=true, colorPlayer=#ffffff, tileHighDisplayQuality=true, cacheVillagersData=2200, logLevel=INFO, maxVillagersData=32, maxAnimalsData=32, mapTransparency=true, tileRenderType=1, caveIgnoreGlass=true, mapTopography=true, renderDistanceCaveMax=3, mapAntialiasing=true, colorSelf=#0000ff, cachePlayersData=2000, cacheMobsData=3000, cachePlayerData=1000, splashViewed=null, colorHostile=#ff0000, cacheAnimalsData=3100, themeName=OceanMonument, mapCaveLighting=true, renderDelay=2, renderOverlayPreEvent=true, autoMapPoll=2000}
[17:57:26] [Client thread/INFO] [ClientAPI] [ClientAPI] built with JourneyMap API 1.4
[17:57:26] [Client thread/INFO] [PluginHelper] Initializing plugins with Client API: journeymap.client.api.impl.ClientAPI
[17:57:26] [Client thread/INFO] [PluginHelper] Initialized IClientPlugin: com.feed_the_beast.ftbutilities.integration.JourneyMapIntegration
[17:57:26] [Client thread/INFO] [PluginHelper] Initialized IClientPlugin: com.teamacronymcoders.base.modules.journeymap.JourneyMapPlugin
[17:57:26] [Client thread/INFO] [JourneymapClient] initialize EXIT, elapsed count 0 avg ?ms
[17:57:41] [Client thread/DEBUG] [JourneymapClient] postInitialize ENTER
[17:57:41] [Client thread/DEBUG] [EventHandlerManager] Handler registered: journeymap.client.forge.event.KeyEventHandler
[17:57:41] [Client thread/DEBUG] [EventHandlerManager] Handler registered: journeymap.client.forge.event.ChatEventHandler
[17:57:41] [Client thread/DEBUG] [EventHandlerManager] Handler registered: journeymap.client.forge.event.StateTickHandler
[17:57:41] [Client thread/DEBUG] [EventHandlerManager] Handler registered: journeymap.client.forge.event.WorldEventHandler
[17:57:41] [Client thread/DEBUG] [EventHandlerManager] Handler registered: journeymap.client.forge.event.WaypointBeaconHandler
[17:57:41] [Client thread/DEBUG] [EventHandlerManager] Handler registered: journeymap.client.forge.event.TextureAtlasHandler
[17:57:41] [Client thread/DEBUG] [EventHandlerManager] Handler registered: journeymap.client.forge.event.MiniMapOverlayHandler
[17:57:41] [Client thread/DEBUG] [EventHandlerManager] Handler registered: journeymap.client.world.ChunkMonitor
[17:57:41] [Client thread/INFO] [IconSetFileHandler] Added entity icons from journeymap:icon/entity. Success: false
[17:57:41] [Client thread/TRACE] [ThemeLoader] Initializing themes ...
[17:57:42] [Client thread/INFO] [ThemeLoader] Preloaded theme textures: 71
[17:57:42] [Client thread/DEBUG] [StatTimer] elapsed was slow: 1586.621102
[17:57:42] [Client thread/DEBUG] [JourneymapClient] postInitialize EXIT, elapsed§8 count §r1§8 avg §r§r1586.62§8ms§r
[17:59:30] [Client thread/WARN] [PropertiesBase] core (Initialized) Bad configField entry during updateFrom(): optionsManagerViewed=null
[17:59:30] [Client thread/WARN] [PropertiesBase] core (Initialized) Bad configField entry during updateFrom(): splashViewed=null
[17:59:30] [Client thread/INFO] [TopoRenderer] Loading journeymap.topo.config
[17:59:31] [Client thread/INFO] [WaypointStore] Loaded 0 waypoints from E:\游戏\MultiMC\instances\sky-magic\.minecraft\journeymap\data\sp\~\waypoints
[17:59:31] [Client thread/INFO] [JourneymapClient] Mapping started in E:\游戏\MultiMC\instances\sky-magic\.minecraft\journeymap\data\sp\~\DIM0. Memory: 6768MB total, 4031MB free 
[17:59:39] [Client thread/INFO] [ChatLog] 旅行地图： 按下[J]键
[18:13:44] [Client thread/INFO] [JourneymapClient] Mapping halted in E:\游戏\MultiMC\instances\sky-magic\.minecraft\journeymap\data\sp\~\DIM0
[18:13:44] [Client thread/WARN] [ColorPalette] Existing color palette's resource packs no longer match current loadout.
[18:13:44] [Client thread/INFO] [ColorPalette] WAS: Default
NOW: Minecraft-Mod-Language-Modpack.zip:zip
